<?xml version="1.0" encoding="UTF-8"?>
<!-- Generated by org.testng.reporters.JUnitReportReporter -->
<testsuite hostname="up168" failures="0" tests="1" name="com.hrms.tests.openBrowser" time="3.783" errors="0" timestamp="28 Jan 2021 01:08:59 GMT">
  <testcase classname="com.hrms.tests.openBrowser" name="test1" time="3.783"/>
</testsuite> <!-- com.hrms.tests.openBrowser -->
