<?xml version="1.0" encoding="UTF-8"?>
<!-- Generated by org.testng.reporters.JUnitReportReporter -->
<testsuite hostname="up168" failures="0" tests="3" name="testNg_dataProviderTest" time="0.013" errors="0" timestamp="29 Jan 2021 00:30:19 GMT">
  <testcase classname="testNg_dataProviderTest" name="myTest" time="0.002"/>
  <testcase classname="testNg_dataProviderTest" name="myTest" time="0.010"/>
  <testcase classname="testNg_dataProviderTest" name="myTest" time="0.001"/>
</testsuite> <!-- testNg_dataProviderTest -->
