<?xml version="1.0" encoding="UTF-8"?>
<!-- Generated by org.testng.reporters.JUnitReportReporter -->
<testsuite hostname="up168" failures="0" tests="1" name="com.hrms.tests.priorityTesting" time="0.019" errors="0" timestamp="28 Jan 2021 02:09:58 GMT">
  <testcase classname="com.hrms.tests.priorityTesting" name="test5" time="0.019"/>
</testsuite> <!-- com.hrms.tests.priorityTesting -->
