<?xml version="1.0" encoding="UTF-8"?>
<!-- Generated by org.testng.reporters.JUnitReportReporter -->
<testsuite hostname="up168" failures="0" tests="2" name="com.hrms.testBase.TestingAnnotations" time="0.009" errors="0" timestamp="28 Jan 2021 01:19:32 GMT">
  <testcase classname="com.hrms.testBase.TestingAnnotations" name="testCase1" time="0.007"/>
  <testcase classname="com.hrms.testBase.TestingAnnotations" name="testCase2" time="0.002"/>
</testsuite> <!-- com.hrms.testBase.TestingAnnotations -->
