<?xml version="1.0" encoding="UTF-8"?>
<!-- Generated by org.testng.reporters.JUnitReportReporter -->
<testsuite hostname="up168" failures="0" tests="2" name="com.hrms.tests.crossBrowserTesting" time="0.372" errors="0" timestamp="29 Jan 2021 01:07:34 GMT">
  <testcase classname="com.hrms.tests.crossBrowserTesting" name="login" time="0.291"/>
  <testcase classname="com.hrms.tests.crossBrowserTesting" name="login" time="0.081"/>
</testsuite> <!-- com.hrms.tests.crossBrowserTesting -->
