<?xml version="1.0" encoding="UTF-8"?>
<!-- Generated by org.testng.reporters.JUnitReportReporter -->
<testsuite hostname="up168" failures="0" tests="1" name="com.hrms.tests.LoginByExell" time="10.583" errors="0" timestamp="10 Feb 2021 22:03:31 GMT">
  <testcase classname="com.hrms.tests.LoginByExell" name="loginExel" time="10.583"/>
</testsuite> <!-- com.hrms.tests.LoginByExell -->
